Determining if the pthread_create exist failed with the following output:
Change Dir: /home/gskim/Documents/giseop/20191115_torch_cpp_practice/torchcpp/examples/ex1/build/CMakeFiles/CMakeTmp

Run Build Command:"/usr/bin/make" "cmTC_b97a4/fast"
/usr/bin/make -f CMakeFiles/cmTC_b97a4.dir/build.make CMakeFiles/cmTC_b97a4.dir/build
make[1]: Entering directory '/home/gskim/Documents/giseop/20191115_torch_cpp_practice/torchcpp/examples/ex1/build/CMakeFiles/CMakeTmp'
Building C object CMakeFiles/cmTC_b97a4.dir/CheckSymbolExists.c.o
/usr/bin/cc     -o CMakeFiles/cmTC_b97a4.dir/CheckSymbolExists.c.o   -c /home/gskim/Documents/giseop/20191115_torch_cpp_practice/torchcpp/examples/ex1/build/CMakeFiles/CMakeTmp/CheckSymbolExists.c
Linking C executable cmTC_b97a4
/usr/bin/cmake -E cmake_link_script CMakeFiles/cmTC_b97a4.dir/link.txt --verbose=1
/usr/bin/cc       CMakeFiles/cmTC_b97a4.dir/CheckSymbolExists.c.o  -o cmTC_b97a4 -rdynamic 
CMakeFiles/cmTC_b97a4.dir/CheckSymbolExists.c.o: In function `main':
CheckSymbolExists.c:(.text+0x16): undefined reference to `pthread_create'
collect2: error: ld returned 1 exit status
CMakeFiles/cmTC_b97a4.dir/build.make:97: recipe for target 'cmTC_b97a4' failed
make[1]: *** [cmTC_b97a4] Error 1
make[1]: Leaving directory '/home/gskim/Documents/giseop/20191115_torch_cpp_practice/torchcpp/examples/ex1/build/CMakeFiles/CMakeTmp'
Makefile:126: recipe for target 'cmTC_b97a4/fast' failed
make: *** [cmTC_b97a4/fast] Error 2

File /home/gskim/Documents/giseop/20191115_torch_cpp_practice/torchcpp/examples/ex1/build/CMakeFiles/CMakeTmp/CheckSymbolExists.c:
/* */
#include <pthread.h>

int main(int argc, char** argv)
{
  (void)argv;
#ifndef pthread_create
  return ((int*)(&pthread_create))[argc];
#else
  (void)argc;
  return 0;
#endif
}

Determining if the function pthread_create exists in the pthreads failed with the following output:
Change Dir: /home/gskim/Documents/giseop/20191115_torch_cpp_practice/torchcpp/examples/ex1/build/CMakeFiles/CMakeTmp

Run Build Command:"/usr/bin/make" "cmTC_52e28/fast"
/usr/bin/make -f CMakeFiles/cmTC_52e28.dir/build.make CMakeFiles/cmTC_52e28.dir/build
make[1]: Entering directory '/home/gskim/Documents/giseop/20191115_torch_cpp_practice/torchcpp/examples/ex1/build/CMakeFiles/CMakeTmp'
Building C object CMakeFiles/cmTC_52e28.dir/CheckFunctionExists.c.o
/usr/bin/cc    -DCHECK_FUNCTION_EXISTS=pthread_create   -o CMakeFiles/cmTC_52e28.dir/CheckFunctionExists.c.o   -c /usr/share/cmake-3.5/Modules/CheckFunctionExists.c
Linking C executable cmTC_52e28
/usr/bin/cmake -E cmake_link_script CMakeFiles/cmTC_52e28.dir/link.txt --verbose=1
/usr/bin/cc   -DCHECK_FUNCTION_EXISTS=pthread_create    CMakeFiles/cmTC_52e28.dir/CheckFunctionExists.c.o  -o cmTC_52e28 -rdynamic -lpthreads 
/usr/bin/ld: cannot find -lpthreads
collect2: error: ld returned 1 exit status
CMakeFiles/cmTC_52e28.dir/build.make:97: recipe for target 'cmTC_52e28' failed
make[1]: *** [cmTC_52e28] Error 1
make[1]: Leaving directory '/home/gskim/Documents/giseop/20191115_torch_cpp_practice/torchcpp/examples/ex1/build/CMakeFiles/CMakeTmp'
Makefile:126: recipe for target 'cmTC_52e28/fast' failed
make: *** [cmTC_52e28/fast] Error 2


